#0 building with "default" instance using docker driver

#1 [internal] load build definition from Dockerfile
#1 transferring dockerfile: 1.24kB done
#1 DONE 0.1s

#2 [internal] load .dockerignore
#2 transferring context: 46B done
#2 DONE 0.1s

#3 [auth] library/alpine:pull token for registry-1.docker.io
#3 DONE 0.0s

#4 [internal] load metadata for docker.io/library/alpine:latest
#4 DONE 0.7s

#5 [internal] load build context
#5 DONE 0.0s

#6 [builder 1/6] FROM docker.io/library/alpine:latest@sha256:51b67269f354137895d43f3b3d810bfacd3945438e94dc5ac55fdac340352f48
#6 resolve docker.io/library/alpine:latest@sha256:51b67269f354137895d43f3b3d810bfacd3945438e94dc5ac55fdac340352f48 0.1s done
#6 ...

#5 [internal] load build context
#5 transferring context: 3.44kB done
#5 DONE 0.1s

#6 [builder 1/6] FROM docker.io/library/alpine:latest@sha256:51b67269f354137895d43f3b3d810bfacd3945438e94dc5ac55fdac340352f48
#6 sha256:51b67269f354137895d43f3b3d810bfacd3945438e94dc5ac55fdac340352f48 1.64kB / 1.64kB done
#6 sha256:13b7e62e8df80264dbb747995705a986aa530415763a6c58f84a3ca8af9a5bcd 528B / 528B done
#6 sha256:f8c20f8bbcb684055b4fea470fdd169c86e87786940b3262335b12ec3adef418 1.47kB / 1.47kB done
#6 DONE 0.3s

#7 [builder 2/6] WORKDIR /app
#7 DONE 0.3s

#8 [stage-1 2/3] RUN apk add --no-cache     libstdc++     grpc     protobuf
#8 0.828 fetch https://dl-cdn.alpinelinux.org/alpine/v3.19/main/x86_64/APKINDEX.tar.gz
#8 0.995 fetch https://dl-cdn.alpinelinux.org/alpine/v3.19/community/x86_64/APKINDEX.tar.gz
#8 1.583 (1/55) Installing ca-certificates (20230506-r0)
#8 1.648 (2/55) Installing libupb (1.59.1-r1)
#8 1.667 (3/55) Installing grpc (1.59.1-r1)
#8 1.685 (4/55) Installing libgcc (13.2.1_git20231014-r0)
#8 1.697 (5/55) Installing libstdc++ (13.2.1_git20231014-r0)
#8 1.741 (6/55) Installing abseil-cpp-raw-logging-internal (20230802.1-r0)
#8 1.762 (7/55) Installing abseil-cpp-log-internal-globals (20230802.1-r0)
#8 1.770 (8/55) Installing abseil-cpp-time-zone (20230802.1-r0)
#8 1.784 (9/55) Installing abseil-cpp-log-initialize (20230802.1-r0)
#8 1.800 (10/55) Installing abseil-cpp-city (20230802.1-r0)
#8 1.812 (11/55) Installing abseil-cpp-low-level-hash (20230802.1-r0)
#8 1.820 (12/55) Installing abseil-cpp-hash (20230802.1-r0)
#8 1.827 (13/55) Installing abseil-cpp-log-internal-nullguard (20230802.1-r0)
#8 1.836 (14/55) Installing abseil-cpp-strings-internal (20230802.1-r0)
#8 1.843 (15/55) Installing abseil-cpp-strings (20230802.1-r0)
#8 1.857 (16/55) Installing abseil-cpp-log-internal-check-op (20230802.1-r0)
#8 1.865 (17/55) Installing abseil-cpp-spinlock-wait (20230802.1-r0)
#8 1.871 (18/55) Installing abseil-cpp-base (20230802.1-r0)
#8 1.879 (19/55) Installing abseil-cpp-log-internal-conditions (20230802.1-r0)
#8 1.886 (20/55) Installing abseil-cpp-debugging-internal (20230802.1-r0)
#8 1.893 (21/55) Installing abseil-cpp-stacktrace (20230802.1-r0)
#8 1.901 (22/55) Installing abseil-cpp-symbolize (20230802.1-r0)
#8 1.909 (23/55) Installing abseil-cpp-examine-stack (20230802.1-r0)
#8 1.919 (24/55) Installing abseil-cpp-log-globals (20230802.1-r0)
#8 1.926 (25/55) Installing abseil-cpp-int128 (20230802.1-r0)
#8 1.935 (26/55) Installing abseil-cpp-str-format-internal (20230802.1-r0)
#8 1.943 (27/55) Installing abseil-cpp-time (20230802.1-r0)
#8 1.951 (28/55) Installing abseil-cpp-log-internal-format (20230802.1-r0)
#8 1.958 (29/55) Installing abseil-cpp-log-sink (20230802.1-r0)
#8 1.965 (30/55) Installing abseil-cpp-kernel-timeout-internal (20230802.1-r0)
#8 1.984 (31/55) Installing abseil-cpp-malloc-internal (20230802.1-r0)
#8 1.991 (32/55) Installing abseil-cpp-synchronization (20230802.1-r0)
#8 2.003 (33/55) Installing abseil-cpp-log-internal-log-sink-set (20230802.1-r0)
#8 2.019 (34/55) Installing abseil-cpp-log-internal-proto (20230802.1-r0)
#8 2.030 (35/55) Installing abseil-cpp-strerror (20230802.1-r0)
#8 2.037 (36/55) Installing abseil-cpp-log-internal-message (20230802.1-r0)
#8 2.046 (37/55) Installing abseil-cpp-raw-hash-set (20230802.1-r0)
#8 2.054 (38/55) Installing abseil-cpp-crc-internal (20230802.1-r0)
#8 2.061 (39/55) Installing abseil-cpp-crc32c (20230802.1-r0)
#8 2.068 (40/55) Installing abseil-cpp-crc-cord-state (20230802.1-r0)
#8 2.078 (41/55) Installing abseil-cpp-throw-delegate (20230802.1-r0)
#8 2.086 (42/55) Installing abseil-cpp-cord-internal (20230802.1-r0)
#8 2.093 (43/55) Installing abseil-cpp-exponential-biased (20230802.1-r0)
#8 2.101 (44/55) Installing abseil-cpp-cordz-functions (20230802.1-r0)
#8 2.108 (45/55) Installing abseil-cpp-cordz-handle (20230802.1-r0)
#8 2.117 (46/55) Installing abseil-cpp-cordz-info (20230802.1-r0)
#8 2.125 (47/55) Installing abseil-cpp-cord (20230802.1-r0)
#8 2.134 (48/55) Installing abseil-cpp-status (20230802.1-r0)
#8 2.141 (49/55) Installing abseil-cpp-statusor (20230802.1-r0)
#8 2.148 (50/55) Installing abseil-cpp-die-if-null (20230802.1-r0)
#8 2.155 (51/55) Installing libprotobuf (24.4-r0)
#8 2.203 (52/55) Installing libprotoc (24.4-r0)
#8 2.238 (53/55) Installing protoc (24.4-r0)
#8 2.245 (54/55) Installing libprotobuf-lite (24.4-r0)
#8 2.258 (55/55) Installing protobuf (24.4-r0)
#8 2.266 Executing busybox-1.36.1-r15.trigger
#8 2.276 Executing ca-certificates-20230506-r0.trigger
#8 2.335 OK: 19 MiB in 70 packages
#8 DONE 2.9s

#9 [builder 3/6] RUN apk update && apk add     pkgconf     g++     cmake     make     grpc     grpc-dev     protobuf-dev     protobuf
#9 0.543 fetch https://dl-cdn.alpinelinux.org/alpine/v3.19/main/x86_64/APKINDEX.tar.gz
#9 0.716 fetch https://dl-cdn.alpinelinux.org/alpine/v3.19/community/x86_64/APKINDEX.tar.gz
#9 1.308 v3.19.0-114-gc1f8bcc09bd [https://dl-cdn.alpinelinux.org/alpine/v3.19/main]
#9 1.308 v3.19.0-118-gd62a2392ea6 [https://dl-cdn.alpinelinux.org/alpine/v3.19/community]
#9 1.308 OK: 22981 distinct packages available
#9 1.805 (1/157) Installing libacl (2.3.1-r4)
#9 1.863 (2/157) Installing libbz2 (1.0.8-r6)
#9 1.875 (3/157) Installing libexpat (2.5.0-r2)
#9 1.894 (4/157) Installing lz4-libs (1.9.4-r5)
#9 1.902 (5/157) Installing xz-libs (5.4.5-r0)
#9 1.913 (6/157) Installing zstd-libs (1.5.5-r8)
#9 1.930 (7/157) Installing libarchive (3.7.2-r0)
#9 1.944 (8/157) Installing libgcc (13.2.1_git20231014-r0)
#9 1.956 (9/157) Installing nghttp2-libs (1.58.0-r0)
#9 1.970 (10/157) Installing rhash-libs (1.4.4-r0)
#9 1.980 (11/157) Installing libstdc++ (13.2.1_git20231014-r0)
#9 2.006 (12/157) Installing libuv (1.47.0-r0)
#9 2.016 (13/157) Installing cmake (3.27.8-r0)
#9 2.898 (14/157) Installing libstdc++-dev (13.2.1_git20231014-r0)
#9 3.078 (15/157) Installing jansson (2.14-r4)
#9 3.087 (16/157) Installing binutils (2.41-r0)
#9 3.159 (17/157) Installing libgomp (13.2.1_git20231014-r0)
#9 3.170 (18/157) Installing libatomic (13.2.1_git20231014-r0)
#9 3.177 (19/157) Installing gmp (6.3.0-r0)
#9 3.188 (20/157) Installing isl26 (0.26-r1)
#9 3.208 (21/157) Installing mpfr4 (4.2.1-r0)
#9 3.221 (22/157) Installing mpc1 (1.3.1-r1)
#9 3.234 (23/157) Installing gcc (13.2.1_git20231014-r0)
#9 4.005 (24/157) Installing musl-dev (1.2.4_git20230717-r4)
#9 4.082 (25/157) Installing libc-dev (0.7.2-r5)
#9 4.089 (26/157) Installing g++ (13.2.1_git20231014-r0)
#9 4.311 (27/157) Installing ca-certificates (20230506-r0)
#9 4.343 (28/157) Installing libupb (1.59.1-r1)
#9 4.352 (29/157) Installing grpc (1.59.1-r1)
#9 4.368 (30/157) Installing abseil-cpp-raw-logging-internal (20230802.1-r0)
#9 4.378 (31/157) Installing abseil-cpp-crc-internal (20230802.1-r0)
#9 4.387 (32/157) Installing abseil-cpp-crc32c (20230802.1-r0)
#9 4.395 (33/157) Installing abseil-cpp-crc-cord-state (20230802.1-r0)
#9 4.403 (34/157) Installing abseil-cpp-strings-internal (20230802.1-r0)
#9 4.410 (35/157) Installing abseil-cpp-strings (20230802.1-r0)
#9 4.425 (36/157) Installing abseil-cpp-throw-delegate (20230802.1-r0)
#9 4.432 (37/157) Installing abseil-cpp-cord-internal (20230802.1-r0)
#9 4.445 (38/157) Installing abseil-cpp-exponential-biased (20230802.1-r0)
#9 4.458 (39/157) Installing abseil-cpp-cordz-functions (20230802.1-r0)
#9 4.471 (40/157) Installing abseil-cpp-spinlock-wait (20230802.1-r0)
#9 4.479 (41/157) Installing abseil-cpp-base (20230802.1-r0)
#9 4.487 (42/157) Installing abseil-cpp-int128 (20230802.1-r0)
#9 4.498 (43/157) Installing abseil-cpp-time-zone (20230802.1-r0)
#9 4.507 (44/157) Installing abseil-cpp-time (20230802.1-r0)
#9 4.515 (45/157) Installing abseil-cpp-kernel-timeout-internal (20230802.1-r0)
#9 4.523 (46/157) Installing abseil-cpp-malloc-internal (20230802.1-r0)
#9 4.535 (47/157) Installing abseil-cpp-debugging-internal (20230802.1-r0)
#9 4.549 (48/157) Installing abseil-cpp-stacktrace (20230802.1-r0)
#9 4.556 (49/157) Installing abseil-cpp-synchronization (20230802.1-r0)
#9 4.567 (50/157) Installing abseil-cpp-cordz-handle (20230802.1-r0)
#9 4.579 (51/157) Installing abseil-cpp-cordz-info (20230802.1-r0)
#9 4.588 (52/157) Installing abseil-cpp-cord (20230802.1-r0)
#9 4.599 (53/157) Installing abseil-cpp-city (20230802.1-r0)
#9 4.606 (54/157) Installing abseil-cpp-low-level-hash (20230802.1-r0)
#9 4.615 (55/157) Installing abseil-cpp-hash (20230802.1-r0)
#9 4.622 (56/157) Installing abseil-cpp-raw-hash-set (20230802.1-r0)
#9 4.634 (57/157) Installing abseil-cpp-strerror (20230802.1-r0)
#9 4.641 (58/157) Installing abseil-cpp-status (20230802.1-r0)
#9 4.652 (59/157) Installing abseil-cpp-statusor (20230802.1-r0)
#9 4.660 (60/157) Installing abseil-cpp-str-format-internal (20230802.1-r0)
#9 4.668 (61/157) Installing abseil-cpp-flags-commandlineflag (20230802.1-r0)
#9 4.690 (62/157) Installing abseil-cpp-flags-commandlineflag-internal (20230802.1-r0)
#9 4.697 (63/157) Installing abseil-cpp-flags-program-name (20230802.1-r0)
#9 4.704 (64/157) Installing abseil-cpp-flags-config (20230802.1-r0)
#9 4.712 (65/157) Installing abseil-cpp-flags-internal (20230802.1-r0)
#9 4.726 (66/157) Installing abseil-cpp-flags-marshalling (20230802.1-r0)
#9 4.735 (67/157) Installing abseil-cpp-flags-private-handle-accessor (20230802.1-r0)
#9 4.760 (68/157) Installing abseil-cpp-flags-reflection (20230802.1-r0)
#9 4.772 (69/157) Installing libgpr (1.59.1-r1)
#9 4.782 (70/157) Installing abseil-cpp-random-internal-randen-hwaes (20230802.1-r0)
#9 4.789 (71/157) Installing abseil-cpp-random-internal-platform (20230802.1-r0)
#9 4.797 (72/157) Installing abseil-cpp-random-internal-randen-hwaes-impl (20230802.1-r0)
#9 4.807 (73/157) Installing abseil-cpp-random-internal-randen-slow (20230802.1-r0)
#9 4.815 (74/157) Installing abseil-cpp-random-internal-randen (20230802.1-r0)
#9 4.841 (75/157) Installing abseil-cpp-random-internal-seed-material (20230802.1-r0)
#9 4.850 (76/157) Installing abseil-cpp-random-seed-gen-exception (20230802.1-r0)
#9 4.858 (77/157) Installing abseil-cpp-random-internal-pool-urbg (20230802.1-r0)
#9 4.870 (78/157) Installing libaddress_sorting (1.59.1-r1)
#9 4.882 (79/157) Installing c-ares (1.22.1-r0)
#9 4.891 (80/157) Installing icu-data-en (74.1-r0)
#9 4.917 Executing icu-data-en-74.1-r0.post-install
#9 4.931 *
#9 4.931 * If you need ICU with non-English locales and legacy charset support, install
#9 4.931 * package icu-data-full.
#9 4.931 *
#9 4.931 (81/157) Installing icu-libs (74.1-r0)
#9 4.967 (82/157) Installing re2 (2023.11.01-r1)
#9 4.999 (83/157) Installing libgrpc (1.59.1-r1)
#9 5.054 (84/157) Installing libgrpc_unsecure (1.59.1-r1)
#9 5.090 (85/157) Installing abseil-cpp-symbolize (20230802.1-r0)
#9 5.101 (86/157) Installing abseil-cpp-examine-stack (20230802.1-r0)
#9 5.108 (87/157) Installing abseil-cpp-log-globals (20230802.1-r0)
#9 5.116 (88/157) Installing abseil-cpp-log-internal-globals (20230802.1-r0)
#9 5.123 (89/157) Installing abseil-cpp-log-internal-format (20230802.1-r0)
#9 5.131 (90/157) Installing abseil-cpp-log-sink (20230802.1-r0)
#9 5.138 (91/157) Installing abseil-cpp-log-internal-log-sink-set (20230802.1-r0)
#9 5.146 (92/157) Installing abseil-cpp-log-internal-proto (20230802.1-r0)
#9 5.153 (93/157) Installing abseil-cpp-log-internal-message (20230802.1-r0)
#9 5.164 (94/157) Installing abseil-cpp-die-if-null (20230802.1-r0)
#9 5.171 (95/157) Installing abseil-cpp-log-internal-nullguard (20230802.1-r0)
#9 5.178 (96/157) Installing abseil-cpp-log-internal-check-op (20230802.1-r0)
#9 5.186 (97/157) Installing abseil-cpp-log-internal-conditions (20230802.1-r0)
#9 5.193 (98/157) Installing libprotobuf (24.4-r0)
#9 5.222 (99/157) Installing libprotoc (24.4-r0)
#9 5.249 (100/157) Installing grpc-cpp (1.59.1-r1)
#9 5.270 (101/157) Installing abseil-cpp-log-initialize (20230802.1-r0)
#9 5.278 (102/157) Installing protoc (24.4-r0)
#9 5.284 (103/157) Installing libprotobuf-lite (24.4-r0)
#9 5.294 (104/157) Installing protobuf (24.4-r0)
#9 5.303 (105/157) Installing grpc-plugins (1.59.1-r1)
#9 5.312 (106/157) Installing libgrpc_authorization_provider (1.59.1-r1)
#9 5.334 (107/157) Installing linux-headers (6.5-r0)
#9 5.468 (108/157) Installing abseil-cpp-atomic-hook-test-helper (20230802.1-r0)
#9 5.476 (109/157) Installing abseil-cpp-bad-any-cast-impl (20230802.1-r0)
#9 5.483 (110/157) Installing abseil-cpp-bad-optional-access (20230802.1-r0)
#9 5.490 (111/157) Installing abseil-cpp-bad-variant-access (20230802.1-r0)
#9 5.497 (112/157) Installing abseil-cpp-civil-time (20230802.1-r0)
#9 5.504 (113/157) Installing abseil-cpp-cordz-sample-token (20230802.1-r0)
#9 5.511 (114/157) Installing abseil-cpp-crc-cpu-detect (20230802.1-r0)
#9 5.518 (115/157) Installing abseil-cpp-demangle-internal (20230802.1-r0)
#9 5.526 (116/157) Installing gtest (1.14.0-r1)
#9 5.536 (117/157) Installing abseil-cpp-exception-safety-testing (20230802.1-r0)
#9 5.548 (118/157) Installing abseil-cpp-failure-signal-handler (20230802.1-r0)
#9 5.555 (119/157) Installing abseil-cpp-flags-usage (20230802.1-r0)
#9 5.563 (120/157) Installing abseil-cpp-flags-usage-internal (20230802.1-r0)
#9 5.570 (121/157) Installing abseil-cpp-flags-parse (20230802.1-r0)
#9 5.578 (122/157) Installing abseil-cpp-flags (20230802.1-r0)
#9 5.585 (123/157) Installing abseil-cpp-graphcycles-internal (20230802.1-r0)
#9 5.593 (124/157) Installing abseil-cpp-hash-generator-testing (20230802.1-r0)
#9 5.602 (125/157) Installing abseil-cpp-hashtablez-sampler (20230802.1-r0)
#9 5.609 (126/157) Installing abseil-cpp-leak-check (20230802.1-r0)
#9 5.617 (127/157) Installing abseil-cpp-log-entry (20230802.1-r0)
#9 5.625 (128/157) Installing abseil-cpp-log-flags (20230802.1-r0)
#9 5.632 (129/157) Installing abseil-cpp-log-severity (20230802.1-r0)
#9 5.645 (130/157) Installing abseil-cpp-log-internal-test-actions (20230802.1-r0)
#9 5.652 (131/157) Installing abseil-cpp-log-internal-test-helpers (20230802.1-r0)
#9 5.659 (132/157) Installing abseil-cpp-log-internal-test-matchers (20230802.1-r0)
#9 5.667 (133/157) Installing abseil-cpp-per-thread-sem-test-common (20230802.1-r0)
#9 5.676 (134/157) Installing abseil-cpp-periodic-sampler (20230802.1-r0)
#9 5.683 (135/157) Installing abseil-cpp-pow10-helper (20230802.1-r0)
#9 5.694 (136/157) Installing abseil-cpp-random-distributions (20230802.1-r0)
#9 5.701 (137/157) Installing abseil-cpp-random-internal-distribution-test-util (20230802.1-r0)
#9 5.709 (138/157) Installing abseil-cpp-random-seed-sequences (20230802.1-r0)
#9 5.717 (139/157) Installing gmock (1.14.0-r1)
#9 5.726 (140/157) Installing abseil-cpp-scoped-mock-log (20230802.1-r0)
#9 5.734 (141/157) Installing abseil-cpp-scoped-set-env (20230802.1-r0)
#9 5.741 (142/157) Installing abseil-cpp-spinlock-test-common (20230802.1-r0)
#9 5.752 (143/157) Installing abseil-cpp-stack-consumption (20230802.1-r0)
#9 5.759 (144/157) Installing abseil-cpp-string-view (20230802.1-r0)
#9 5.766 (145/157) Installing abseil-cpp-test-instance-tracker (20230802.1-r0)
#9 5.774 (146/157) Installing abseil-cpp-time-internal-test-util (20230802.1-r0)
#9 5.781 (147/157) Installing pkgconf (2.1.0-r0)
#9 5.788 (148/157) Installing abseil-cpp-dev (20230802.1-r0)
#9 5.883 (149/157) Installing c-ares-dev (1.22.1-r0)
#9 5.892 (150/157) Installing openssl-dev (3.1.4-r2)
#9 5.921 (151/157) Installing icu (74.1-r0)
#9 5.936 (152/157) Installing icu-dev (74.1-r0)
#9 5.986 (153/157) Installing re2-dev (2023.11.01-r1)
#9 5.995 (154/157) Installing zlib-dev (1.3-r2)
#9 6.003 (155/157) Installing grpc-dev (1.59.1-r1)
#9 6.047 (156/157) Installing make (4.4.1-r2)
#9 6.057 (157/157) Installing protobuf-dev (24.4-r0)
#9 6.107 Executing busybox-1.36.1-r15.trigger
#9 6.125 Executing ca-certificates-20230506-r0.trigger
#9 6.189 OK: 335 MiB in 172 packages
#9 DONE 7.9s

#10 [builder 4/6] COPY . .
#10 DONE 0.4s

#11 [builder 5/6] RUN mkdir build
#11 DONE 0.6s

#12 [builder 6/6] RUN cmake -B build && cd build && make
#12 0.774 CMake Deprecation Warning at CMakeLists.txt:1 (cmake_minimum_required):
#12 0.774   Compatibility with CMake < 3.5 will be removed from a future version of
#12 0.774   CMake.
#12 0.774 
#12 0.774   Update the VERSION argument <min> value or use a ...<max> suffix to tell
#12 0.774   CMake that the project does not need compatibility with older versions.
#12 0.774 
#12 0.774 
#12 0.836 -- The C compiler identification is GNU 13.2.1
#12 0.902 -- The CXX compiler identification is GNU 13.2.1
#12 0.926 -- Detecting C compiler ABI info
#12 1.009 -- Detecting C compiler ABI info - done
#12 1.025 -- Check for working C compiler: /usr/bin/cc - skipped
#12 1.025 -- Detecting C compile features
#12 1.027 -- Detecting C compile features - done
#12 1.038 -- Detecting CXX compiler ABI info
#12 1.120 -- Detecting CXX compiler ABI info - done
#12 1.137 -- Check for working CXX compiler: /usr/bin/c++ - skipped
#12 1.138 -- Detecting CXX compile features
#12 1.139 -- Detecting CXX compile features - done
#12 1.147 -- Found PkgConfig: /usr/bin/pkg-config (found version "2.1.0") 
#12 1.148 -- Checking for module 'protobuf'
#12 4.959 --   Found protobuf, version 24.4.0
#12 71.75 -- Checking for module 'grpc++'
#12 77.26 --   Found grpc++, version 1.59.1
#12 195.1 -- Configuring done (194.3s)
#12 195.1 -- Generating done (0.0s)
#12 195.1 -- Build files have been written to: /app/build
#12 195.2 [ 25%] Building CXX object CMakeFiles/model_serving.dir/src/main.cc.o
#12 195.3 In file included from /app/src/main.cc:4:
#12 195.3 /app/src/service.pb.h:17:2: error: #error This file was generated by an older version of protoc which is
#12 195.3    17 | #error This file was generated by an older version of protoc which is
#12 195.3       |  ^~~~~
#12 195.3 /app/src/service.pb.h:18:2: error: #error incompatible with your Protocol Buffer headers. Please
#12 195.3    18 | #error incompatible with your Protocol Buffer headers. Please
#12 195.3       |  ^~~~~
#12 195.3 /app/src/service.pb.h:19:2: error: #error regenerate this file with a newer version of protoc.
#12 195.3    19 | #error regenerate this file with a newer version of protoc.
#12 195.3       |  ^~~~~
#12 195.4 /app/src/service.pb.h:26:10: fatal error: google/protobuf/generated_message_table_driven.h: No such file or directory
#12 195.4    26 | #include <google/protobuf/generated_message_table_driven.h>
#12 195.4       |          ^~~~~~~~~~~~~~~~~~~~~~~~~~~~~~~~~~~~~~~~~~~~~~~~~~
#12 195.4 compilation terminated.
#12 195.4 make[2]: *** [CMakeFiles/model_serving.dir/build.make:76: CMakeFiles/model_serving.dir/src/main.cc.o] Error 1
#12 195.4 make[1]: *** [CMakeFiles/Makefile2:83: CMakeFiles/model_serving.dir/all] Error 2
#12 195.4 make: *** [Makefile:91: all] Error 2
#12 ERROR: process "/bin/sh -c cmake -B build && cd build && make" did not complete successfully: exit code: 2
------
 > [builder 6/6] RUN cmake -B build && cd build && make:
195.3 /app/src/service.pb.h:19:2: error: #error regenerate this file with a newer version of protoc.
195.3    19 | #error regenerate this file with a newer version of protoc.
195.3       |  ^~~~~
195.4 /app/src/service.pb.h:26:10: fatal error: google/protobuf/generated_message_table_driven.h: No such file or directory
195.4    26 | #include <google/protobuf/generated_message_table_driven.h>
195.4       |          ^~~~~~~~~~~~~~~~~~~~~~~~~~~~~~~~~~~~~~~~~~~~~~~~~~
195.4 compilation terminated.
195.4 make[2]: *** [CMakeFiles/model_serving.dir/build.make:76: CMakeFiles/model_serving.dir/src/main.cc.o] Error 1
195.4 make[1]: *** [CMakeFiles/Makefile2:83: CMakeFiles/model_serving.dir/all] Error 2
195.4 make: *** [Makefile:91: all] Error 2
------
Dockerfile:51
--------------------
  49 |     
  50 |     # Run CMake to build the project
  51 | >>> RUN cmake -B build && cd build && make
  52 |     
  53 |     # Final stage
--------------------
ERROR: failed to solve: process "/bin/sh -c cmake -B build && cd build && make" did not complete successfully: exit code: 2
